


ARM Macro Assembler    Page 1 


    1 00000000         
    2 00000000         ;/******************************************************
                       ***********************/
    3 00000000         ;/*  Startup for ARM                                    
                                             */
    4 00000000         ;/*  Version     V1.0                                   
                                             */
    5 00000000         ;/*  Date        2021-03-12                             
                                             */
    6 00000000         ;/*  Target-mcu  {MCU_PN_H}                             
                                             */
    7 00000000         ;/******************************************************
                       ***********************/
    8 00000000         
    9 00000000         ; Stack Configuration
   10 00000000         ; Stack Size (in Bytes) <0x0-0xFFFFFFFF:8>
   11 00000000         
   12 00000000 00000200 
                       Stack_Size
                               EQU              0x00000200
   13 00000000         
   14 00000000                 AREA             STACK, NOINIT, READWRITE, ALIGN
=3
   15 00000000         Stack_Mem
                               SPACE            Stack_Size
   16 00000200         __initial_sp
   17 00000200         
   18 00000200         
   19 00000200         ; Heap Configuration
   20 00000200         ;  Heap Size (in Bytes) <0x0-0xFFFFFFFF:8>
   21 00000200         
   22 00000200 00000200 
                       Heap_Size
                               EQU              0x00000200
   23 00000200         
   24 00000200                 AREA             HEAP, NOINIT, READWRITE, ALIGN=
3
   25 00000000         __heap_base
   26 00000000         Heap_Mem
                               SPACE            Heap_Size
   27 00000200         __heap_limit
   28 00000200         
   29 00000200         
   30 00000200                 PRESERVE8
   31 00000200                 THUMB
   32 00000200         
   33 00000200         
   34 00000200         ; Vector Table Mapped to Address 0 at Reset
   35 00000200         
   36 00000200                 AREA             RESET, DATA, READONLY
   37 00000000                 EXPORT           __Vectors
   38 00000000                 EXPORT           __Vectors_End
   39 00000000                 EXPORT           __Vectors_Size
   40 00000000         
   41 00000000         __Vectors
   42 00000000 00000000        DCD              __initial_sp ; Top of Stack
   43 00000004 00000000        DCD              Reset_Handler ;< -15 Reset Vect
                                                            or, invoked on Powe
                                                            r up and warm reset



ARM Macro Assembler    Page 2 


                                                            
   44 00000008 00000000        DCD              NMI_Handler ;< -14 Non maskable
                                                             Interrupt, cannot 
                                                            be stopped or preem
                                                            pted
   45 0000000C 00000000        DCD              HardFault_Handler ;< -13 Hard F
                                                            ault, all classes o
                                                            f Fault
   46 00000010 00000000        DCD              0           ;< -12 Reserved
   47 00000014 00000000        DCD              0           ;< -11 Reserved
   48 00000018 00000000        DCD              0           ;< -10 Reserved
   49 0000001C 00000000        DCD              0           ;< -9 Reserved
   50 00000020 00000000        DCD              0           ;< -8 Reserved
   51 00000024 00000000        DCD              0           ;< -7 Reserved
   52 00000028 00000000        DCD              0           ;< -6 Reserved
   53 0000002C 00000000        DCD              SVC_Handler ;< -5 System Servic
                                                            e Call via SVC inst
                                                            ruction
   54 00000030 00000000        DCD              0           ;< -4 Reserved
   55 00000034 00000000        DCD              0           ;< -3 Reserved
   56 00000038 00000000        DCD              PendSV_Handler ;< -2 Pendable r
                                                            equest for system s
                                                            ervice
   57 0000003C 00000000        DCD              SysTick_Handler ;< -1 System Ti
                                                            ck Timer
   58 00000040         
   59 00000040 00000000        DCD              WDT_IRQHandler ;< 0 Watch Dog T
                                                            imer Interrupt Hand
                                                            ler
   60 00000044 00000000        DCD              LVD_IRQHandler ;< 1 Low Voltage
                                                             Detect Interrupt H
                                                            andler
   61 00000048 00000000        DCD              0           ;< 2 Reserved
   62 0000004C 00000000        DCD              FLASHRAM_IRQHandler ;< 3 Flash/
                                                            RAM Interrupt Handl
                                                            er
   63 00000050 00000000        DCD              SYSCTRL_IRQHandler ;< 4 SYSCTRL
                                                             Interupt Handler
   64 00000054 00000000        DCD              GPIOA_IRQHandler ;< 5 GPIOA Int
                                                            errupt Handler
   65 00000058 00000000        DCD              GPIOB_IRQHandler ;< 6 GPIOB Int
                                                            errupt Handler
   66 0000005C 00000000        DCD              GPIOC_IRQHandler ;< 7 GPIOC Int
                                                            errupt Handler
   67 00000060 00000000        DCD              0           ;< 8 Reserved
   68 00000064 00000000        DCD              0           ;< 9 Reserved
   69 00000068 00000000        DCD              0           ;< 10 Reserved
   70 0000006C 00000000        DCD              0           ;< 11 Reserved
   71 00000070 00000000        DCD              ADC_IRQHandler ;< 12 ADC Interr
                                                            upt Handler
   72 00000074 00000000        DCD              ATIM_IRQHandler ;< 13 Advanced 
                                                            Timer Interrupt Han
                                                            dler
   73 00000078 00000000        DCD              VC1_IRQHandler ;< 14 Voltage Co
                                                            mparator 1 Interrup
                                                            t Handler
   74 0000007C 00000000        DCD              VC2_IRQHandler ;< 15 Voltage Co
                                                            mparator 2 Interrup
                                                            t Handler



ARM Macro Assembler    Page 3 


   75 00000080 00000000        DCD              GTIM_IRQHandler ;< 16 General T
                                                            imer1 Interrupt Han
                                                            dler
   76 00000084 00000000        DCD              0           ;< 17 Reserved
   77 00000088 00000000        DCD              0           ;< 18 Reserved
   78 0000008C 00000000        DCD              0           ;< 19 Reserved
   79 00000090 00000000        DCD              BTIM1_IRQHandler ;< 20 Base Tim
                                                            er1 Interrupt Handl
                                                            er
   80 00000094 00000000        DCD              BTIM2_IRQHandler ;< 21 Base Tim
                                                            er2 Interrupt Handl
                                                            er
   81 00000098 00000000        DCD              BTIM3_IRQHandler ;< 22 Base Tim
                                                            er3 Interrupt Handl
                                                            er
   82 0000009C 00000000        DCD              I2C_IRQHandler ;< 23 I2C Interr
                                                            upt Handler
   83 000000A0 00000000        DCD              0           ;< 24 Reserved
   84 000000A4 00000000        DCD              SPI_IRQHandler ;< 25 SPI Interr
                                                            upt Handler
   85 000000A8 00000000        DCD              0           ;< 26 Reserved
   86 000000AC 00000000        DCD              UART1_IRQHandler ;< 27 UART1 In
                                                            terrupt Handler
   87 000000B0 00000000        DCD              UART2_IRQHandler ;< 28 UART2 In
                                                            terrupt Handler
   88 000000B4 00000000        DCD              0           ;< 29 Reserved
   89 000000B8 00000000        DCD              AWT_IRQHandler ;< 30 Auto Wakeu
                                                            p Timer Handler
   90 000000BC 00000000        DCD              0           ;< 31 Reserved
   91 000000C0         
   92 000000C0         
   93 000000C0         
   94 000000C0         __Vectors_End
   95 000000C0         
   96 000000C0 000000C0 
                       __Vectors_Size
                               EQU              __Vectors_End - __Vectors
   97 000000C0         
   98 000000C0                 AREA             |.text|, CODE, READONLY
   99 00000000         
  100 00000000         
  101 00000000         ; Reset Handler
  102 00000000         
  103 00000000         Reset_Handler
                               PROC
  104 00000000                 EXPORT           Reset_Handler             [WEAK
]
  105 00000000                 IMPORT           SystemInit
  106 00000000                 IMPORT           __main
  107 00000000         
  108 00000000         ;reset NVIC if in rom debug
  109 00000000 4809            LDR              R0, =0x20000000
  110 00000002 4A0A            LDR              R2, =0x0
  111 00000004 2100            MOVS             R1, #0      ; for warning, 
  112 00000006 A100            ADD              R1, PC,#0   ; for A1609W, 
  113 00000008 4281            CMP              R1, R0
  114 0000000A D900            BLS              RAMCODE
  115 0000000C         
  116 0000000C         ; ram code base address. 



ARM Macro Assembler    Page 4 


  117 0000000C 4402            ADD              R2, R0,R2
  118 0000000E         RAMCODE
  119 0000000E         ; reset Vector table address.
  120 0000000E 4808            LDR              R0, =0xE000ED08
  121 00000010 6002            STR              R2, [R0]
  122 00000012         
  123 00000012 4808            LDR              R0, =SystemInit
  124 00000014 4780            BLX              R0
  125 00000016 4808            LDR              R0, =__main
  126 00000018 4700            BX               R0
  127 0000001A                 ENDP
  128 0000001A         
  129 0000001A         
  130 0000001A         ; Dummy Exception Handlers (infinite loops which can be 
                       modified)
  131 0000001A         
  132 0000001A         NMI_Handler
                               PROC
  133 0000001A                 EXPORT           NMI_Handler               [WEAK
]
  134 0000001A E7FE            B                .
  135 0000001C                 ENDP
  136 0000001C         
  137 0000001C         
  139 0000001C         HardFault_Handler
                               PROC
  140 0000001C                 EXPORT           HardFault_Handler         [WEAK
]
  141 0000001C E7FE            B                .
  142 0000001E                 ENDP
  143 0000001E         SVC_Handler
                               PROC
  144 0000001E                 EXPORT           SVC_Handler               [WEAK
]
  145 0000001E E7FE            B                .
  146 00000020                 ENDP
  147 00000020         PendSV_Handler
                               PROC
  148 00000020                 EXPORT           PendSV_Handler            [WEAK
]
  149 00000020 E7FE            B                .
  150 00000022                 ENDP
  151 00000022         SysTick_Handler
                               PROC
  152 00000022                 EXPORT           SysTick_Handler           [WEAK
]
  153 00000022 E7FE            B                .
  154 00000024                 ENDP
  155 00000024         
  156 00000024         Default_Handler
                               PROC
  157 00000024                 EXPORT           WDT_IRQHandler           [WEAK]
  158 00000024                 EXPORT           LVD_IRQHandler           [WEAK]
  159 00000024                 EXPORT           FLASHRAM_IRQHandler      [WEAK]
  160 00000024                 EXPORT           SYSCTRL_IRQHandler       [WEAK]
  161 00000024                 EXPORT           GPIOA_IRQHandler         [WEAK]
  162 00000024                 EXPORT           GPIOB_IRQHandler         [WEAK]
  163 00000024                 EXPORT           GPIOC_IRQHandler         [WEAK]
  164 00000024                 EXPORT           ADC_IRQHandler           [WEAK]



ARM Macro Assembler    Page 5 


  165 00000024                 EXPORT           ATIM_IRQHandler          [WEAK]
  166 00000024                 EXPORT           VC1_IRQHandler           [WEAK]
  167 00000024                 EXPORT           VC2_IRQHandler           [WEAK]
  168 00000024                 EXPORT           GTIM_IRQHandler          [WEAK]
  169 00000024                 EXPORT           BTIM1_IRQHandler         [WEAK]
  170 00000024                 EXPORT           BTIM2_IRQHandler         [WEAK]
  171 00000024                 EXPORT           BTIM3_IRQHandler         [WEAK]
  172 00000024                 EXPORT           I2C_IRQHandler           [WEAK]
  173 00000024                 EXPORT           SPI_IRQHandler           [WEAK]
  174 00000024                 EXPORT           UART1_IRQHandler         [WEAK]
  175 00000024                 EXPORT           UART2_IRQHandler         [WEAK]
  176 00000024                 EXPORT           AWT_IRQHandler           [WEAK]
  177 00000024         
  178 00000024         WDT_IRQHandler
  179 00000024         LVD_IRQHandler
  180 00000024         FLASHRAM_IRQHandler
  181 00000024         SYSCTRL_IRQHandler
  182 00000024         GPIOA_IRQHandler
  183 00000024         GPIOB_IRQHandler
  184 00000024         GPIOC_IRQHandler
  185 00000024         ADC_IRQHandler
  186 00000024         ATIM_IRQHandler
  187 00000024         VC1_IRQHandler
  188 00000024         VC2_IRQHandler
  189 00000024         GTIM_IRQHandler
  190 00000024         BTIM1_IRQHandler
  191 00000024         BTIM2_IRQHandler
  192 00000024         BTIM3_IRQHandler
  193 00000024         I2C_IRQHandler
  194 00000024         SPI_IRQHandler
  195 00000024         UART1_IRQHandler
  196 00000024         UART2_IRQHandler
  197 00000024         AWT_IRQHandler
  198 00000024         
  199 00000024         
  200 00000024 E7FE            B                .
  201 00000026         
  202 00000026                 ENDP
  203 00000026         
  204 00000026         
  205 00000026 00 00           ALIGN
  206 00000028         
  207 00000028         
  208 00000028         ; User Initial Stack & Heap
  209 00000028         
  210 00000028                 IF               :DEF:__MICROLIB
  211 00000028         
  212 00000028                 EXPORT           __initial_sp
  213 00000028                 EXPORT           __heap_base
  214 00000028                 EXPORT           __heap_limit
  215 00000028         
  216 00000028                 ELSE
  230                          ENDIF
  231 00000028         
  232 00000028         
  233 00000028                 END
              20000000 
              00000000 
              E000ED08 



ARM Macro Assembler    Page 6 


              00000000 
              00000000 
Command Line: --debug --xref --diag_suppress=9931 --cpu=Cortex-M0+ --apcs=inter
work --depend=.\objects\startup_cw32f003.d -o.\objects\startup_cw32f003.o -I.\R
TE\_CW32F003 -IC:\Users\90839\AppData\Local\Arm\Packs\ARM\CMSIS\5.9.0\CMSIS\Cor
e\Include -IC:\Users\90839\AppData\Local\Arm\Packs\WHXY\CW32F003_DFP\1.0.4\Devi
ce\Include --predefine="__MICROLIB SETA 1" --predefine="__UVISION_VERSION SETA 
528" --predefine="_RTE_ SETA 1" --list=.\listings\startup_cw32f003.lst Core\sta
rtup_cw32f003.s



ARM Macro Assembler    Page 1 Alphabetic symbol ordering
Relocatable symbols

STACK 00000000

Symbol: STACK
   Definitions
      At line 14 in file Core\startup_cw32f003.s
   Uses
      None
Comment: STACK unused
Stack_Mem 00000000

Symbol: Stack_Mem
   Definitions
      At line 15 in file Core\startup_cw32f003.s
   Uses
      None
Comment: Stack_Mem unused
__initial_sp 00000200

Symbol: __initial_sp
   Definitions
      At line 16 in file Core\startup_cw32f003.s
   Uses
      At line 42 in file Core\startup_cw32f003.s
      At line 212 in file Core\startup_cw32f003.s

3 symbols



ARM Macro Assembler    Page 1 Alphabetic symbol ordering
Relocatable symbols

HEAP 00000000

Symbol: HEAP
   Definitions
      At line 24 in file Core\startup_cw32f003.s
   Uses
      None
Comment: HEAP unused
Heap_Mem 00000000

Symbol: Heap_Mem
   Definitions
      At line 26 in file Core\startup_cw32f003.s
   Uses
      None
Comment: Heap_Mem unused
__heap_base 00000000

Symbol: __heap_base
   Definitions
      At line 25 in file Core\startup_cw32f003.s
   Uses
      At line 213 in file Core\startup_cw32f003.s
Comment: __heap_base used once
__heap_limit 00000200

Symbol: __heap_limit
   Definitions
      At line 27 in file Core\startup_cw32f003.s
   Uses
      At line 214 in file Core\startup_cw32f003.s
Comment: __heap_limit used once
4 symbols



ARM Macro Assembler    Page 1 Alphabetic symbol ordering
Relocatable symbols

RESET 00000000

Symbol: RESET
   Definitions
      At line 36 in file Core\startup_cw32f003.s
   Uses
      None
Comment: RESET unused
__Vectors 00000000

Symbol: __Vectors
   Definitions
      At line 41 in file Core\startup_cw32f003.s
   Uses
      At line 37 in file Core\startup_cw32f003.s
      At line 96 in file Core\startup_cw32f003.s

__Vectors_End 000000C0

Symbol: __Vectors_End
   Definitions
      At line 94 in file Core\startup_cw32f003.s
   Uses
      At line 38 in file Core\startup_cw32f003.s
      At line 96 in file Core\startup_cw32f003.s

3 symbols



ARM Macro Assembler    Page 1 Alphabetic symbol ordering
Relocatable symbols

.text 00000000

Symbol: .text
   Definitions
      At line 98 in file Core\startup_cw32f003.s
   Uses
      None
Comment: .text unused
ADC_IRQHandler 00000024

Symbol: ADC_IRQHandler
   Definitions
      At line 185 in file Core\startup_cw32f003.s
   Uses
      At line 71 in file Core\startup_cw32f003.s
      At line 164 in file Core\startup_cw32f003.s

ATIM_IRQHandler 00000024

Symbol: ATIM_IRQHandler
   Definitions
      At line 186 in file Core\startup_cw32f003.s
   Uses
      At line 72 in file Core\startup_cw32f003.s
      At line 165 in file Core\startup_cw32f003.s

AWT_IRQHandler 00000024

Symbol: AWT_IRQHandler
   Definitions
      At line 197 in file Core\startup_cw32f003.s
   Uses
      At line 89 in file Core\startup_cw32f003.s
      At line 176 in file Core\startup_cw32f003.s

BTIM1_IRQHandler 00000024

Symbol: BTIM1_IRQHandler
   Definitions
      At line 190 in file Core\startup_cw32f003.s
   Uses
      At line 79 in file Core\startup_cw32f003.s
      At line 169 in file Core\startup_cw32f003.s

BTIM2_IRQHandler 00000024

Symbol: BTIM2_IRQHandler
   Definitions
      At line 191 in file Core\startup_cw32f003.s
   Uses
      At line 80 in file Core\startup_cw32f003.s
      At line 170 in file Core\startup_cw32f003.s

BTIM3_IRQHandler 00000024

Symbol: BTIM3_IRQHandler
   Definitions
      At line 192 in file Core\startup_cw32f003.s
   Uses



ARM Macro Assembler    Page 2 Alphabetic symbol ordering
Relocatable symbols

      At line 81 in file Core\startup_cw32f003.s
      At line 171 in file Core\startup_cw32f003.s

Default_Handler 00000024

Symbol: Default_Handler
   Definitions
      At line 156 in file Core\startup_cw32f003.s
   Uses
      None
Comment: Default_Handler unused
FLASHRAM_IRQHandler 00000024

Symbol: FLASHRAM_IRQHandler
   Definitions
      At line 180 in file Core\startup_cw32f003.s
   Uses
      At line 62 in file Core\startup_cw32f003.s
      At line 159 in file Core\startup_cw32f003.s

GPIOA_IRQHandler 00000024

Symbol: GPIOA_IRQHandler
   Definitions
      At line 182 in file Core\startup_cw32f003.s
   Uses
      At line 64 in file Core\startup_cw32f003.s
      At line 161 in file Core\startup_cw32f003.s

GPIOB_IRQHandler 00000024

Symbol: GPIOB_IRQHandler
   Definitions
      At line 183 in file Core\startup_cw32f003.s
   Uses
      At line 65 in file Core\startup_cw32f003.s
      At line 162 in file Core\startup_cw32f003.s

GPIOC_IRQHandler 00000024

Symbol: GPIOC_IRQHandler
   Definitions
      At line 184 in file Core\startup_cw32f003.s
   Uses
      At line 66 in file Core\startup_cw32f003.s
      At line 163 in file Core\startup_cw32f003.s

GTIM_IRQHandler 00000024

Symbol: GTIM_IRQHandler
   Definitions
      At line 189 in file Core\startup_cw32f003.s
   Uses
      At line 75 in file Core\startup_cw32f003.s
      At line 168 in file Core\startup_cw32f003.s

HardFault_Handler 0000001C

Symbol: HardFault_Handler



ARM Macro Assembler    Page 3 Alphabetic symbol ordering
Relocatable symbols

   Definitions
      At line 139 in file Core\startup_cw32f003.s
   Uses
      At line 45 in file Core\startup_cw32f003.s
      At line 140 in file Core\startup_cw32f003.s

I2C_IRQHandler 00000024

Symbol: I2C_IRQHandler
   Definitions
      At line 193 in file Core\startup_cw32f003.s
   Uses
      At line 82 in file Core\startup_cw32f003.s
      At line 172 in file Core\startup_cw32f003.s

LVD_IRQHandler 00000024

Symbol: LVD_IRQHandler
   Definitions
      At line 179 in file Core\startup_cw32f003.s
   Uses
      At line 60 in file Core\startup_cw32f003.s
      At line 158 in file Core\startup_cw32f003.s

NMI_Handler 0000001A

Symbol: NMI_Handler
   Definitions
      At line 132 in file Core\startup_cw32f003.s
   Uses
      At line 44 in file Core\startup_cw32f003.s
      At line 133 in file Core\startup_cw32f003.s

PendSV_Handler 00000020

Symbol: PendSV_Handler
   Definitions
      At line 147 in file Core\startup_cw32f003.s
   Uses
      At line 56 in file Core\startup_cw32f003.s
      At line 148 in file Core\startup_cw32f003.s

RAMCODE 0000000E

Symbol: RAMCODE
   Definitions
      At line 118 in file Core\startup_cw32f003.s
   Uses
      At line 114 in file Core\startup_cw32f003.s
Comment: RAMCODE used once
Reset_Handler 00000000

Symbol: Reset_Handler
   Definitions
      At line 103 in file Core\startup_cw32f003.s
   Uses
      At line 43 in file Core\startup_cw32f003.s
      At line 104 in file Core\startup_cw32f003.s




ARM Macro Assembler    Page 4 Alphabetic symbol ordering
Relocatable symbols

SPI_IRQHandler 00000024

Symbol: SPI_IRQHandler
   Definitions
      At line 194 in file Core\startup_cw32f003.s
   Uses
      At line 84 in file Core\startup_cw32f003.s
      At line 173 in file Core\startup_cw32f003.s

SVC_Handler 0000001E

Symbol: SVC_Handler
   Definitions
      At line 143 in file Core\startup_cw32f003.s
   Uses
      At line 53 in file Core\startup_cw32f003.s
      At line 144 in file Core\startup_cw32f003.s

SYSCTRL_IRQHandler 00000024

Symbol: SYSCTRL_IRQHandler
   Definitions
      At line 181 in file Core\startup_cw32f003.s
   Uses
      At line 63 in file Core\startup_cw32f003.s
      At line 160 in file Core\startup_cw32f003.s

SysTick_Handler 00000022

Symbol: SysTick_Handler
   Definitions
      At line 151 in file Core\startup_cw32f003.s
   Uses
      At line 57 in file Core\startup_cw32f003.s
      At line 152 in file Core\startup_cw32f003.s

UART1_IRQHandler 00000024

Symbol: UART1_IRQHandler
   Definitions
      At line 195 in file Core\startup_cw32f003.s
   Uses
      At line 86 in file Core\startup_cw32f003.s
      At line 174 in file Core\startup_cw32f003.s

UART2_IRQHandler 00000024

Symbol: UART2_IRQHandler
   Definitions
      At line 196 in file Core\startup_cw32f003.s
   Uses
      At line 87 in file Core\startup_cw32f003.s
      At line 175 in file Core\startup_cw32f003.s

VC1_IRQHandler 00000024

Symbol: VC1_IRQHandler
   Definitions
      At line 187 in file Core\startup_cw32f003.s



ARM Macro Assembler    Page 5 Alphabetic symbol ordering
Relocatable symbols

   Uses
      At line 73 in file Core\startup_cw32f003.s
      At line 166 in file Core\startup_cw32f003.s

VC2_IRQHandler 00000024

Symbol: VC2_IRQHandler
   Definitions
      At line 188 in file Core\startup_cw32f003.s
   Uses
      At line 74 in file Core\startup_cw32f003.s
      At line 167 in file Core\startup_cw32f003.s

WDT_IRQHandler 00000024

Symbol: WDT_IRQHandler
   Definitions
      At line 178 in file Core\startup_cw32f003.s
   Uses
      At line 59 in file Core\startup_cw32f003.s
      At line 157 in file Core\startup_cw32f003.s

29 symbols



ARM Macro Assembler    Page 1 Alphabetic symbol ordering
Absolute symbols

Heap_Size 00000200

Symbol: Heap_Size
   Definitions
      At line 22 in file Core\startup_cw32f003.s
   Uses
      At line 26 in file Core\startup_cw32f003.s
Comment: Heap_Size used once
Stack_Size 00000200

Symbol: Stack_Size
   Definitions
      At line 12 in file Core\startup_cw32f003.s
   Uses
      At line 15 in file Core\startup_cw32f003.s
Comment: Stack_Size used once
__Vectors_Size 000000C0

Symbol: __Vectors_Size
   Definitions
      At line 96 in file Core\startup_cw32f003.s
   Uses
      At line 39 in file Core\startup_cw32f003.s
Comment: __Vectors_Size used once
3 symbols



ARM Macro Assembler    Page 1 Alphabetic symbol ordering
External symbols

SystemInit 00000000

Symbol: SystemInit
   Definitions
      At line 105 in file Core\startup_cw32f003.s
   Uses
      At line 123 in file Core\startup_cw32f003.s
Comment: SystemInit used once
__main 00000000

Symbol: __main
   Definitions
      At line 106 in file Core\startup_cw32f003.s
   Uses
      At line 125 in file Core\startup_cw32f003.s
Comment: __main used once
2 symbols
379 symbols in table
